<?xml version="1.0" encoding="UTF-8"?>
<testsuite xmlns:xsi="http://www.w3.org/2001/XMLSchema-instance" xsi:schemaLocation="https://maven.apache.org/surefire/maven-surefire-plugin/xsd/surefire-test-report.xsd" name="org.apache.commons.beanutils.PropertyUtilsTestCase" time="0.243" tests="116" errors="0" skipped="0" failures="0">
  <properties>
    <property name="java.runtime.name" value="Java(TM) SE Runtime Environment"/>
    <property name="sun.boot.library.path" value="/usr/lib/jvm/java-8-oracle/jre/lib/amd64"/>
    <property name="java.vm.version" value="25.171-b11"/>
    <property name="java.vm.vendor" value="Oracle Corporation"/>
    <property name="maven.multiModuleProjectDirectory" value="/home/yolkin/Documents/Project/Java-Bytecode-Analysis/database/commons-beanutils-1.9.3-src"/>
    <property name="java.vendor.url" value="http://java.oracle.com/"/>
    <property name="path.separator" value=":"/>
    <property name="guice.disable.misplaced.annotation.check" value="true"/>
    <property name="java.vm.name" value="Java HotSpot(TM) 64-Bit Server VM"/>
    <property name="file.encoding.pkg" value="sun.io"/>
    <property name="user.country" value="US"/>
    <property name="sun.java.launcher" value="SUN_STANDARD"/>
    <property name="sun.os.patch.level" value="unknown"/>
    <property name="java.vm.specification.name" value="Java Virtual Machine Specification"/>
    <property name="user.dir" value="/home/yolkin/Documents/Project/Java-Bytecode-Analysis/database/commons-beanutils-1.9.3-src"/>
    <property name="java.runtime.version" value="1.8.0_171-b11"/>
    <property name="java.awt.graphicsenv" value="sun.awt.X11GraphicsEnvironment"/>
    <property name="java.endorsed.dirs" value="/usr/lib/jvm/java-8-oracle/jre/lib/endorsed"/>
    <property name="os.arch" value="amd64"/>
    <property name="java.io.tmpdir" value="/tmp"/>
    <property name="line.separator" value="&#10;"/>
    <property name="java.vm.specification.vendor" value="Oracle Corporation"/>
    <property name="os.name" value="Linux"/>
    <property name="classworlds.conf" value="/usr/share/maven/bin/m2.conf"/>
    <property name="sun.jnu.encoding" value="UTF-8"/>
    <property name="java.library.path" value="/usr/local/cuda/extras/CUPTI/lib64:/usr/java/packages/lib/amd64:/usr/lib64:/lib64:/lib:/usr/lib"/>
    <property name="java.specification.name" value="Java Platform API Specification"/>
    <property name="java.class.version" value="52.0"/>
    <property name="sun.management.compiler" value="HotSpot 64-Bit Tiered Compilers"/>
    <property name="os.version" value="4.13.0-43-generic"/>
    <property name="user.home" value="/home/yolkin"/>
    <property name="user.timezone" value="Europe/Zagreb"/>
    <property name="java.awt.printerjob" value="sun.print.PSPrinterJob"/>
    <property name="file.encoding" value="UTF-8"/>
    <property name="java.specification.version" value="1.8"/>
    <property name="user.name" value="yolkin"/>
    <property name="java.class.path" value="/usr/share/maven/boot/plexus-classworlds-2.x.jar"/>
    <property name="java.vm.specification.version" value="1.8"/>
    <property name="sun.arch.data.model" value="64"/>
    <property name="java.home" value="/usr/lib/jvm/java-8-oracle/jre"/>
    <property name="sun.java.command" value="org.codehaus.plexus.classworlds.launcher.Launcher clean install"/>
    <property name="java.specification.vendor" value="Oracle Corporation"/>
    <property name="user.language" value="en"/>
    <property name="awt.toolkit" value="sun.awt.X11.XToolkit"/>
    <property name="java.vm.info" value="mixed mode"/>
    <property name="java.version" value="1.8.0_171"/>
    <property name="java.ext.dirs" value="/usr/lib/jvm/java-8-oracle/jre/lib/ext:/usr/java/packages/lib/ext"/>
    <property name="securerandom.source" value="file:/dev/./urandom"/>
    <property name="sun.boot.class.path" value="/usr/lib/jvm/java-8-oracle/jre/lib/resources.jar:/usr/lib/jvm/java-8-oracle/jre/lib/rt.jar:/usr/lib/jvm/java-8-oracle/jre/lib/sunrsasign.jar:/usr/lib/jvm/java-8-oracle/jre/lib/jsse.jar:/usr/lib/jvm/java-8-oracle/jre/lib/jce.jar:/usr/lib/jvm/java-8-oracle/jre/lib/charsets.jar:/usr/lib/jvm/java-8-oracle/jre/lib/jfr.jar:/usr/lib/jvm/java-8-oracle/jre/classes"/>
    <property name="java.vendor" value="Oracle Corporation"/>
    <property name="maven.home" value="/usr/share/maven"/>
    <property name="file.separator" value="/"/>
    <property name="java.vendor.url.bug" value="http://bugreport.sun.com/bugreport/"/>
    <property name="sun.cpu.endian" value="little"/>
    <property name="sun.io.unicode.encoding" value="UnicodeLittle"/>
    <property name="sun.desktop" value="gnome"/>
    <property name="sun.cpu.isalist" value=""/>
  </properties>
  <testcase name="testMapExtensionCustom" classname="org.apache.commons.beanutils.PropertyUtilsTestCase" time="0.044"/>
  <testcase name="testGetDescriptorArguments" classname="org.apache.commons.beanutils.PropertyUtilsTestCase" time="0.001"/>
  <testcase name="testGetNestedString" classname="org.apache.commons.beanutils.PropertyUtilsTestCase" time="0.003"/>
  <testcase name="testGetDescriptorLong" classname="org.apache.commons.beanutils.PropertyUtilsTestCase" time="0.004"/>
  <testcase name="testGetIndexedMap" classname="org.apache.commons.beanutils.PropertyUtilsTestCase" time="0.003"/>
  <testcase name="testGetSetParentBean" classname="org.apache.commons.beanutils.PropertyUtilsTestCase" time="0.002"/>
  <testcase name="testSetNestedUnknown" classname="org.apache.commons.beanutils.PropertyUtilsTestCase" time="0.002"/>
  <testcase name="testAddBeanIntrospectorNull" classname="org.apache.commons.beanutils.PropertyUtilsTestCase" time="0"/>
  <testcase name="testGetSetInnerBean" classname="org.apache.commons.beanutils.PropertyUtilsTestCase" time="0.002"/>
  <testcase name="testSetIndexedList" classname="org.apache.commons.beanutils.PropertyUtilsTestCase" time="0.002"/>
  <testcase name="testSetSimpleBoolean" classname="org.apache.commons.beanutils.PropertyUtilsTestCase" time="0.002"/>
  <testcase name="testSetPublicSubBean_of_PackageBean" classname="org.apache.commons.beanutils.PropertyUtilsTestCase" time="0.005"/>
  <testcase name="testGetNestedReadOnly" classname="org.apache.commons.beanutils.PropertyUtilsTestCase" time="0.002"/>
  <testcase name="testGetWriteMethodPackageSubclass" classname="org.apache.commons.beanutils.PropertyUtilsTestCase" time="0.002"/>
  <testcase name="testGetPublicSubBean_of_PackageBean" classname="org.apache.commons.beanutils.PropertyUtilsTestCase" time="0.001"/>
  <testcase name="testGetSimpleArguments" classname="org.apache.commons.beanutils.PropertyUtilsTestCase" time="0"/>
  <testcase name="testGetDescriptorInt" classname="org.apache.commons.beanutils.PropertyUtilsTestCase" time="0.002"/>
  <testcase name="testGetIndexedArray" classname="org.apache.commons.beanutils.PropertyUtilsTestCase" time="0.002"/>
  <testcase name="testGetMappedMap" classname="org.apache.commons.beanutils.PropertyUtilsTestCase" time="0.002"/>
  <testcase name="testSetNestedBoolean" classname="org.apache.commons.beanutils.PropertyUtilsTestCase" time="0.001"/>
  <testcase name="testSetNestedDouble" classname="org.apache.commons.beanutils.PropertyUtilsTestCase" time="0.002"/>
  <testcase name="testGetDescriptorWriteOnly" classname="org.apache.commons.beanutils.PropertyUtilsTestCase" time="0.001"/>
  <testcase name="testGetWriteMethodPublicSubclass" classname="org.apache.commons.beanutils.PropertyUtilsTestCase" time="0.003"/>
  <testcase name="testSetIndexedMap" classname="org.apache.commons.beanutils.PropertyUtilsTestCase" time="0.001"/>
  <testcase name="testSetNestedFloat" classname="org.apache.commons.beanutils.PropertyUtilsTestCase" time="0.002"/>
  <testcase name="testSetNestedShort" classname="org.apache.commons.beanutils.PropertyUtilsTestCase" time="0.001"/>
  <testcase name="testGetSimpleInt" classname="org.apache.commons.beanutils.PropertyUtilsTestCase" time="0.002"/>
  <testcase name="testSetNestedString" classname="org.apache.commons.beanutils.PropertyUtilsTestCase" time="0.001"/>
  <testcase name="testGetSimpleWriteOnly" classname="org.apache.commons.beanutils.PropertyUtilsTestCase" time="0.002"/>
  <testcase name="testExceptionFromInvoke" classname="org.apache.commons.beanutils.PropertyUtilsTestCase" time="0.004"/>
  <testcase name="testIsWriteable" classname="org.apache.commons.beanutils.PropertyUtilsTestCase" time="0.002"/>
  <testcase name="testGetDescriptorReadOnly" classname="org.apache.commons.beanutils.PropertyUtilsTestCase" time="0.002"/>
  <testcase name="testGetReadMethodPublicSubclass" classname="org.apache.commons.beanutils.PropertyUtilsTestCase" time="0.001"/>
  <testcase name="testGetReadMethodPackageSubclass" classname="org.apache.commons.beanutils.PropertyUtilsTestCase" time="0.002"/>
  <testcase name="testSetSimpleFloat" classname="org.apache.commons.beanutils.PropertyUtilsTestCase" time="0.002"/>
  <testcase name="testSetSimpleShort" classname="org.apache.commons.beanutils.PropertyUtilsTestCase" time="0.001"/>
  <testcase name="testSetSimpleArguments" classname="org.apache.commons.beanutils.PropertyUtilsTestCase" time="0"/>
  <testcase name="testCustomIntrospectionEx" classname="org.apache.commons.beanutils.PropertyUtilsTestCase" time="0.002"/>
  <testcase name="testSetNestedInt" classname="org.apache.commons.beanutils.PropertyUtilsTestCase" time="0.001"/>
  <testcase name="testSetIndexedArray" classname="org.apache.commons.beanutils.PropertyUtilsTestCase" time="0.003"/>
  <testcase name="testGetMappedList" classname="org.apache.commons.beanutils.PropertyUtilsTestCase" time="0.002"/>
  <testcase name="testGetDescriptorMappedPeriods" classname="org.apache.commons.beanutils.PropertyUtilsTestCase" time="0.001"/>
  <testcase name="testSetMappedPeriods" classname="org.apache.commons.beanutils.PropertyUtilsTestCase" time="0.001"/>
  <testcase name="testGetIndexedValues" classname="org.apache.commons.beanutils.PropertyUtilsTestCase" time="0.002"/>
  <testcase name="testCustomIntrospection" classname="org.apache.commons.beanutils.PropertyUtilsTestCase" time="0.002"/>
  <testcase name="testGetSimpleDouble" classname="org.apache.commons.beanutils.PropertyUtilsTestCase" time="0.001"/>
  <testcase name="testGetSimpleUnknown" classname="org.apache.commons.beanutils.PropertyUtilsTestCase" time="0.003"/>
  <testcase name="testGetReadMethodPublicInterface" classname="org.apache.commons.beanutils.PropertyUtilsTestCase" time="0.001"/>
  <testcase name="testGetMappedSlashes" classname="org.apache.commons.beanutils.PropertyUtilsTestCase" time="0.001"/>
  <testcase name="testSetSimpleWriteOnly" classname="org.apache.commons.beanutils.PropertyUtilsTestCase" time="0.001"/>
  <testcase name="testSetMappedArray" classname="org.apache.commons.beanutils.PropertyUtilsTestCase" time="0.001"/>
  <testcase name="testGetDescriptorFloat" classname="org.apache.commons.beanutils.PropertyUtilsTestCase" time="0.001"/>
  <testcase name="testGetDescriptorShort" classname="org.apache.commons.beanutils.PropertyUtilsTestCase" time="0.001"/>
  <testcase name="testMappedPropertyType" classname="org.apache.commons.beanutils.PropertyUtilsTestCase" time="0.001"/>
  <testcase name="testGetSimpleNested" classname="org.apache.commons.beanutils.PropertyUtilsTestCase" time="0"/>
  <testcase name="testGetIndexedList" classname="org.apache.commons.beanutils.PropertyUtilsTestCase" time="0.001"/>
  <testcase name="testGetNestedUnknown" classname="org.apache.commons.beanutils.PropertyUtilsTestCase" time="0.001"/>
  <testcase name="testSetMappedMap" classname="org.apache.commons.beanutils.PropertyUtilsTestCase" time="0.001"/>
  <testcase name="testGetNestedArguments" classname="org.apache.commons.beanutils.PropertyUtilsTestCase" time="0"/>
  <testcase name="testGetSimpleBoolean" classname="org.apache.commons.beanutils.PropertyUtilsTestCase" time="0.002"/>
  <testcase name="testSetSimpleIndexed" classname="org.apache.commons.beanutils.PropertyUtilsTestCase" time="0"/>
  <testcase name="testGetMappedValues" classname="org.apache.commons.beanutils.PropertyUtilsTestCase" time="0.001"/>
  <testcase name="testGetSimpleString" classname="org.apache.commons.beanutils.PropertyUtilsTestCase" time="0.001"/>
  <testcase name="testSetMappedList" classname="org.apache.commons.beanutils.PropertyUtilsTestCase" time="0.001"/>
  <testcase name="testGetDescriptorInvalidBoolean" classname="org.apache.commons.beanutils.PropertyUtilsTestCase" time="0.001"/>
  <testcase name="testGetSimpleLong" classname="org.apache.commons.beanutils.PropertyUtilsTestCase" time="0.002"/>
  <testcase name="testGetWriteMethodBasic" classname="org.apache.commons.beanutils.PropertyUtilsTestCase" time="0.001"/>
  <testcase name="testGetNestedBoolean" classname="org.apache.commons.beanutils.PropertyUtilsTestCase" time="0.002"/>
  <testcase name="testSetSimpleInt" classname="org.apache.commons.beanutils.PropertyUtilsTestCase" time="0.002"/>
  <testcase name="testSetIndexedArguments" classname="org.apache.commons.beanutils.PropertyUtilsTestCase" time="0.002"/>
  <testcase name="testSetSimpleDouble" classname="org.apache.commons.beanutils.PropertyUtilsTestCase" time="0.001"/>
  <testcase name="testGetPropertyType" classname="org.apache.commons.beanutils.PropertyUtilsTestCase" time="0.002"/>
  <testcase name="testGetNestedFloat" classname="org.apache.commons.beanutils.PropertyUtilsTestCase" time="0.001"/>
  <testcase name="testGetNestedShort" classname="org.apache.commons.beanutils.PropertyUtilsTestCase" time="0.001"/>
  <testcase name="testGetNestedWriteOnly" classname="org.apache.commons.beanutils.PropertyUtilsTestCase" time="0.001"/>
  <testcase name="testGetDescriptorDouble" classname="org.apache.commons.beanutils.PropertyUtilsTestCase" time="0.001"/>
  <testcase name="testNestedWithIndex" classname="org.apache.commons.beanutils.PropertyUtilsTestCase" time="0.002"/>
  <testcase name="testGetDescriptors" classname="org.apache.commons.beanutils.PropertyUtilsTestCase" time="0.001"/>
  <testcase name="testGetReadMethodBasic" classname="org.apache.commons.beanutils.PropertyUtilsTestCase" time="0.001"/>
  <testcase name="testGetNestedLong" classname="org.apache.commons.beanutils.PropertyUtilsTestCase" time="0.001"/>
  <testcase name="testSetSimpleNested" classname="org.apache.commons.beanutils.PropertyUtilsTestCase" time="0"/>
  <testcase name="testGetMappedArguments" classname="org.apache.commons.beanutils.PropertyUtilsTestCase" time="0.001"/>
  <testcase name="testSetNestedArguments" classname="org.apache.commons.beanutils.PropertyUtilsTestCase" time="0"/>
  <testcase name="testSetSimpleLong" classname="org.apache.commons.beanutils.PropertyUtilsTestCase" time="0.001"/>
  <testcase name="testGetSimpleFloat" classname="org.apache.commons.beanutils.PropertyUtilsTestCase" time="0.001"/>
  <testcase name="testGetSimpleShort" classname="org.apache.commons.beanutils.PropertyUtilsTestCase" time="0.001"/>
  <testcase name="testSetMappedValues" classname="org.apache.commons.beanutils.PropertyUtilsTestCase" time="0.001"/>
  <testcase name="testSetSimpleString" classname="org.apache.commons.beanutils.PropertyUtilsTestCase" time="0.001"/>
  <testcase name="testRemoveBeanIntrospector" classname="org.apache.commons.beanutils.PropertyUtilsTestCase" time="0"/>
  <testcase name="testGetDescriptorSecond" classname="org.apache.commons.beanutils.PropertyUtilsTestCase" time="0.001"/>
  <testcase name="testGetDescriptorString" classname="org.apache.commons.beanutils.PropertyUtilsTestCase" time="0.001"/>
  <testcase name="testGetDescriptorUnknown" classname="org.apache.commons.beanutils.PropertyUtilsTestCase" time="0.001"/>
  <testcase name="testSetSimpleReadOnly" classname="org.apache.commons.beanutils.PropertyUtilsTestCase" time="0.001"/>
  <testcase name="testGetMappedPeriods" classname="org.apache.commons.beanutils.PropertyUtilsTestCase" time="0.002"/>
  <testcase name="testNestedPropertyKeyOrIndexOnBeanImplementingMap" classname="org.apache.commons.beanutils.PropertyUtilsTestCase" time="0.001"/>
  <testcase name="testGetDescriptorBoolean" classname="org.apache.commons.beanutils.PropertyUtilsTestCase" time="0.001"/>
  <testcase name="testSetNestedLong" classname="org.apache.commons.beanutils.PropertyUtilsTestCase" time="0.001"/>
  <testcase name="testMapExtensionDefault" classname="org.apache.commons.beanutils.PropertyUtilsTestCase" time="0.002"/>
  <testcase name="testGetDescriptorsArguments" classname="org.apache.commons.beanutils.PropertyUtilsTestCase" time="0"/>
  <testcase name="testSetNestedWriteOnly" classname="org.apache.commons.beanutils.PropertyUtilsTestCase" time="0.002"/>
  <testcase name="testSetNestedReadOnly" classname="org.apache.commons.beanutils.PropertyUtilsTestCase" time="0.002"/>
  <testcase name="testSetNoGetter" classname="org.apache.commons.beanutils.PropertyUtilsTestCase" time="0.005"/>
  <testcase name="testGetMappedArray" classname="org.apache.commons.beanutils.PropertyUtilsTestCase" time="0.001"/>
  <testcase name="testCopyPropertiesMap" classname="org.apache.commons.beanutils.PropertyUtilsTestCase" time="0.001"/>
  <testcase name="testResetBeanIntrospectors" classname="org.apache.commons.beanutils.PropertyUtilsTestCase" time="0.001"/>
  <testcase name="testDescribe" classname="org.apache.commons.beanutils.PropertyUtilsTestCase" time="0.002"/>
  <testcase name="testSetMappedArguments" classname="org.apache.commons.beanutils.PropertyUtilsTestCase" time="0.001"/>
  <testcase name="testGetNestedDouble" classname="org.apache.commons.beanutils.PropertyUtilsTestCase" time="0.001"/>
  <testcase name="testGetSimpleIndexed" classname="org.apache.commons.beanutils.PropertyUtilsTestCase" time="0"/>
  <testcase name="testIsReadable" classname="org.apache.commons.beanutils.PropertyUtilsTestCase" time="0.001"/>
  <testcase name="testThrowNestedNull" classname="org.apache.commons.beanutils.PropertyUtilsTestCase" time="0.001"/>
  <testcase name="testGetSimpleReadOnly" classname="org.apache.commons.beanutils.PropertyUtilsTestCase" time="0.001"/>
  <testcase name="testGetIndexedArguments" classname="org.apache.commons.beanutils.PropertyUtilsTestCase" time="0.001"/>
  <testcase name="testSetIndexedValues" classname="org.apache.commons.beanutils.PropertyUtilsTestCase" time="0.001"/>
  <testcase name="testGetNestedInt" classname="org.apache.commons.beanutils.PropertyUtilsTestCase" time="0.001"/>
  <testcase name="testSetSimpleUnknown" classname="org.apache.commons.beanutils.PropertyUtilsTestCase" time="0.001"/>
</testsuite>