<?xml version="1.0" encoding="UTF-8"?>
<testsuite xmlns:xsi="http://www.w3.org/2001/XMLSchema-instance" xsi:schemaLocation="https://maven.apache.org/surefire/maven-surefire-plugin/xsd/surefire-test-report.xsd" name="org.apache.commons.beanutils.BeanMapTestCase" time="0.145" tests="132" errors="0" skipped="0" failures="0">
  <properties>
    <property name="java.runtime.name" value="Java(TM) SE Runtime Environment"/>
    <property name="sun.boot.library.path" value="/usr/lib/jvm/java-8-oracle/jre/lib/amd64"/>
    <property name="java.vm.version" value="25.171-b11"/>
    <property name="java.vm.vendor" value="Oracle Corporation"/>
    <property name="maven.multiModuleProjectDirectory" value="/home/yolkin/Documents/Project/Java-Bytecode-Analysis/database/commons-beanutils-1.9.3-src"/>
    <property name="java.vendor.url" value="http://java.oracle.com/"/>
    <property name="path.separator" value=":"/>
    <property name="guice.disable.misplaced.annotation.check" value="true"/>
    <property name="java.vm.name" value="Java HotSpot(TM) 64-Bit Server VM"/>
    <property name="file.encoding.pkg" value="sun.io"/>
    <property name="user.country" value="US"/>
    <property name="sun.java.launcher" value="SUN_STANDARD"/>
    <property name="sun.os.patch.level" value="unknown"/>
    <property name="java.vm.specification.name" value="Java Virtual Machine Specification"/>
    <property name="user.dir" value="/home/yolkin/Documents/Project/Java-Bytecode-Analysis/database/commons-beanutils-1.9.3-src"/>
    <property name="java.runtime.version" value="1.8.0_171-b11"/>
    <property name="java.awt.graphicsenv" value="sun.awt.X11GraphicsEnvironment"/>
    <property name="java.endorsed.dirs" value="/usr/lib/jvm/java-8-oracle/jre/lib/endorsed"/>
    <property name="os.arch" value="amd64"/>
    <property name="java.io.tmpdir" value="/tmp"/>
    <property name="line.separator" value="&#10;"/>
    <property name="java.vm.specification.vendor" value="Oracle Corporation"/>
    <property name="os.name" value="Linux"/>
    <property name="classworlds.conf" value="/usr/share/maven/bin/m2.conf"/>
    <property name="sun.jnu.encoding" value="UTF-8"/>
    <property name="java.library.path" value="/usr/local/cuda/extras/CUPTI/lib64:/usr/java/packages/lib/amd64:/usr/lib64:/lib64:/lib:/usr/lib"/>
    <property name="java.specification.name" value="Java Platform API Specification"/>
    <property name="java.class.version" value="52.0"/>
    <property name="sun.management.compiler" value="HotSpot 64-Bit Tiered Compilers"/>
    <property name="os.version" value="4.13.0-43-generic"/>
    <property name="user.home" value="/home/yolkin"/>
    <property name="user.timezone" value="Europe/Zagreb"/>
    <property name="java.awt.printerjob" value="sun.print.PSPrinterJob"/>
    <property name="file.encoding" value="UTF-8"/>
    <property name="java.specification.version" value="1.8"/>
    <property name="user.name" value="yolkin"/>
    <property name="java.class.path" value="/usr/share/maven/boot/plexus-classworlds-2.x.jar"/>
    <property name="java.vm.specification.version" value="1.8"/>
    <property name="sun.arch.data.model" value="64"/>
    <property name="java.home" value="/usr/lib/jvm/java-8-oracle/jre"/>
    <property name="sun.java.command" value="org.codehaus.plexus.classworlds.launcher.Launcher clean install"/>
    <property name="java.specification.vendor" value="Oracle Corporation"/>
    <property name="user.language" value="en"/>
    <property name="awt.toolkit" value="sun.awt.X11.XToolkit"/>
    <property name="java.vm.info" value="mixed mode"/>
    <property name="java.version" value="1.8.0_171"/>
    <property name="java.ext.dirs" value="/usr/lib/jvm/java-8-oracle/jre/lib/ext:/usr/java/packages/lib/ext"/>
    <property name="securerandom.source" value="file:/dev/./urandom"/>
    <property name="sun.boot.class.path" value="/usr/lib/jvm/java-8-oracle/jre/lib/resources.jar:/usr/lib/jvm/java-8-oracle/jre/lib/rt.jar:/usr/lib/jvm/java-8-oracle/jre/lib/sunrsasign.jar:/usr/lib/jvm/java-8-oracle/jre/lib/jsse.jar:/usr/lib/jvm/java-8-oracle/jre/lib/jce.jar:/usr/lib/jvm/java-8-oracle/jre/lib/charsets.jar:/usr/lib/jvm/java-8-oracle/jre/lib/jfr.jar:/usr/lib/jvm/java-8-oracle/jre/classes"/>
    <property name="java.vendor" value="Oracle Corporation"/>
    <property name="maven.home" value="/usr/share/maven"/>
    <property name="file.separator" value="/"/>
    <property name="java.vendor.url.bug" value="http://bugreport.sun.com/bugreport/"/>
    <property name="sun.cpu.endian" value="little"/>
    <property name="sun.io.unicode.encoding" value="UnicodeLittle"/>
    <property name="sun.desktop" value="gnome"/>
    <property name="sun.cpu.isalist" value=""/>
  </properties>
  <testcase name="testBeanMapPutAllWriteable" classname="org.apache.commons.beanutils.BeanMapTestCase" time="0.013"/>
  <testcase name="testMethodAccessor" classname="org.apache.commons.beanutils.BeanMapTestCase" time="0"/>
  <testcase name="testMethodMutator" classname="org.apache.commons.beanutils.BeanMapTestCase" time="0"/>
  <testcase name="testGetTypeTransformerMethod" classname="org.apache.commons.beanutils.BeanMapTestCase" time="0"/>
  <testcase name="testGetDefaultTransformersMap" classname="org.apache.commons.beanutils.BeanMapTestCase" time="0"/>
  <testcase name="testDefaultTransformersMap" classname="org.apache.commons.beanutils.BeanMapTestCase" time="0.001"/>
  <testcase name="testExceptionThrowFromClone" classname="org.apache.commons.beanutils.BeanMapTestCase" time="0.039"/>
  <testcase name="testExceptionThrowFromClear" classname="org.apache.commons.beanutils.BeanMapTestCase" time="0.002"/>
  <testcase name="testExceptionThrowFromPut" classname="org.apache.commons.beanutils.BeanMapTestCase" time="0.004"/>
  <testcase name="testMapClear" classname="org.apache.commons.beanutils.BeanMapTestCase" time="0"/>
  <testcase name="testMapPut" classname="org.apache.commons.beanutils.BeanMapTestCase" time="0"/>
  <testcase name="testBeanMapClone" classname="org.apache.commons.beanutils.BeanMapTestCase" time="0"/>
  <testcase name="testSampleMappings" classname="org.apache.commons.beanutils.BeanMapTestCase" time="0"/>
  <testcase name="testMakeMap" classname="org.apache.commons.beanutils.BeanMapTestCase" time="0"/>
  <testcase name="testMapIsEmpty" classname="org.apache.commons.beanutils.BeanMapTestCase" time="0.005"/>
  <testcase name="testMapSize" classname="org.apache.commons.beanutils.BeanMapTestCase" time="0.002"/>
  <testcase name="testMapContainsKey" classname="org.apache.commons.beanutils.BeanMapTestCase" time="0.001"/>
  <testcase name="testMapContainsValue" classname="org.apache.commons.beanutils.BeanMapTestCase" time="0.001"/>
  <testcase name="testMapEquals" classname="org.apache.commons.beanutils.BeanMapTestCase" time="0.002"/>
  <testcase name="testMapGet" classname="org.apache.commons.beanutils.BeanMapTestCase" time="0"/>
  <testcase name="testMapHashCode" classname="org.apache.commons.beanutils.BeanMapTestCase" time="0"/>
  <testcase name="testMapToString" classname="org.apache.commons.beanutils.BeanMapTestCase" time="0.001"/>
  <testcase name="testEmptyMapCompatibility" classname="org.apache.commons.beanutils.BeanMapTestCase" time="0"/>
  <testcase name="testFullMapCompatibility" classname="org.apache.commons.beanutils.BeanMapTestCase" time="0"/>
  <testcase name="testMapPutNullKey" classname="org.apache.commons.beanutils.BeanMapTestCase" time="0.001"/>
  <testcase name="testMapPutNullValue" classname="org.apache.commons.beanutils.BeanMapTestCase" time="0"/>
  <testcase name="testMapPutAll" classname="org.apache.commons.beanutils.BeanMapTestCase" time="0"/>
  <testcase name="testMapRemove" classname="org.apache.commons.beanutils.BeanMapTestCase" time="0"/>
  <testcase name="testValuesClearChangesMap" classname="org.apache.commons.beanutils.BeanMapTestCase" time="0.001"/>
  <testcase name="testKeySetClearChangesMap" classname="org.apache.commons.beanutils.BeanMapTestCase" time="0"/>
  <testcase name="testEntrySetClearChangesMap" classname="org.apache.commons.beanutils.BeanMapTestCase" time="0"/>
  <testcase name="testEntrySetContains1" classname="org.apache.commons.beanutils.BeanMapTestCase" time="0"/>
  <testcase name="testEntrySetContains2" classname="org.apache.commons.beanutils.BeanMapTestCase" time="0"/>
  <testcase name="testEntrySetContains3" classname="org.apache.commons.beanutils.BeanMapTestCase" time="0.001"/>
  <testcase name="testEntrySetRemove1" classname="org.apache.commons.beanutils.BeanMapTestCase" time="0"/>
  <testcase name="testEntrySetRemove2" classname="org.apache.commons.beanutils.BeanMapTestCase" time="0"/>
  <testcase name="testEntrySetRemove3" classname="org.apache.commons.beanutils.BeanMapTestCase" time="0"/>
  <testcase name="testValuesRemoveChangesMap" classname="org.apache.commons.beanutils.BeanMapTestCase" time="0"/>
  <testcase name="testKeySetRemoveChangesMap" classname="org.apache.commons.beanutils.BeanMapTestCase" time="0"/>
  <testcase name="testMapEntrySetIteratorEntry" classname="org.apache.commons.collections.map.AbstractTestMap$TestMapEntrySet" time="0"/>
  <testcase name="testMapEntrySetRemoveNonMapEntry" classname="org.apache.commons.collections.map.AbstractTestMap$TestMapEntrySet" time="0"/>
  <testcase name="testMapEntrySetIteratorEntrySetValue" classname="org.apache.commons.collections.map.AbstractTestMap$TestMapEntrySet" time="0.004"/>
  <testcase name="testSetEquals" classname="org.apache.commons.collections.map.AbstractTestMap$TestMapEntrySet" time="0.001"/>
  <testcase name="testSetHashCode" classname="org.apache.commons.collections.map.AbstractTestMap$TestMapEntrySet" time="0"/>
  <testcase name="testSerializeDeserializeThenCompare" classname="org.apache.commons.collections.map.AbstractTestMap$TestMapEntrySet" time="0"/>
  <testcase name="testCollectionAdd" classname="org.apache.commons.collections.map.AbstractTestMap$TestMapEntrySet" time="0"/>
  <testcase name="testCollectionAddAll" classname="org.apache.commons.collections.map.AbstractTestMap$TestMapEntrySet" time="0"/>
  <testcase name="testUnsupportedAdd" classname="org.apache.commons.collections.map.AbstractTestMap$TestMapEntrySet" time="0.001"/>
  <testcase name="testCollectionClear" classname="org.apache.commons.collections.map.AbstractTestMap$TestMapEntrySet" time="0"/>
  <testcase name="testCollectionContains" classname="org.apache.commons.collections.map.AbstractTestMap$TestMapEntrySet" time="0.001"/>
  <testcase name="testCollectionContainsAll" classname="org.apache.commons.collections.map.AbstractTestMap$TestMapEntrySet" time="0.002"/>
  <testcase name="testCollectionIsEmpty" classname="org.apache.commons.collections.map.AbstractTestMap$TestMapEntrySet" time="0"/>
  <testcase name="testCollectionIterator" classname="org.apache.commons.collections.map.AbstractTestMap$TestMapEntrySet" time="0.001"/>
  <testcase name="testCollectionIteratorRemove" classname="org.apache.commons.collections.map.AbstractTestMap$TestMapEntrySet" time="0"/>
  <testcase name="testCollectionRemove" classname="org.apache.commons.collections.map.AbstractTestMap$TestMapEntrySet" time="0"/>
  <testcase name="testCollectionRemoveAll" classname="org.apache.commons.collections.map.AbstractTestMap$TestMapEntrySet" time="0"/>
  <testcase name="testCollectionRetainAll" classname="org.apache.commons.collections.map.AbstractTestMap$TestMapEntrySet" time="0.001"/>
  <testcase name="testCollectionSize" classname="org.apache.commons.collections.map.AbstractTestMap$TestMapEntrySet" time="0"/>
  <testcase name="testCollectionToArray" classname="org.apache.commons.collections.map.AbstractTestMap$TestMapEntrySet" time="0"/>
  <testcase name="testCollectionToArray2" classname="org.apache.commons.collections.map.AbstractTestMap$TestMapEntrySet" time="0.001"/>
  <testcase name="testCollectionToString" classname="org.apache.commons.collections.map.AbstractTestMap$TestMapEntrySet" time="0.001"/>
  <testcase name="testUnsupportedRemove" classname="org.apache.commons.collections.map.AbstractTestMap$TestMapEntrySet" time="0"/>
  <testcase name="testCollectionIteratorFailFast" classname="org.apache.commons.collections.map.AbstractTestMap$TestMapEntrySet" time="0"/>
  <testcase name="testEqualsNull" classname="org.apache.commons.collections.map.AbstractTestMap$TestMapEntrySet" time="0"/>
  <testcase name="testObjectEqualsSelf" classname="org.apache.commons.collections.map.AbstractTestMap$TestMapEntrySet" time="0"/>
  <testcase name="testObjectHashCodeEqualsSelfHashCode" classname="org.apache.commons.collections.map.AbstractTestMap$TestMapEntrySet" time="0"/>
  <testcase name="testObjectHashCodeEqualsContract" classname="org.apache.commons.collections.map.AbstractTestMap$TestMapEntrySet" time="0"/>
  <testcase name="testSimpleSerialization" classname="org.apache.commons.collections.map.AbstractTestMap$TestMapEntrySet" time="0"/>
  <testcase name="testCanonicalEmptyCollectionExists" classname="org.apache.commons.collections.map.AbstractTestMap$TestMapEntrySet" time="0"/>
  <testcase name="testCanonicalFullCollectionExists" classname="org.apache.commons.collections.map.AbstractTestMap$TestMapEntrySet" time="0"/>
  <testcase name="testSetEquals" classname="org.apache.commons.collections.map.AbstractTestMap$TestMapKeySet" time="0.001"/>
  <testcase name="testSetHashCode" classname="org.apache.commons.collections.map.AbstractTestMap$TestMapKeySet" time="0"/>
  <testcase name="testSerializeDeserializeThenCompare" classname="org.apache.commons.collections.map.AbstractTestMap$TestMapKeySet" time="0"/>
  <testcase name="testCollectionAdd" classname="org.apache.commons.collections.map.AbstractTestMap$TestMapKeySet" time="0"/>
  <testcase name="testCollectionAddAll" classname="org.apache.commons.collections.map.AbstractTestMap$TestMapKeySet" time="0"/>
  <testcase name="testUnsupportedAdd" classname="org.apache.commons.collections.map.AbstractTestMap$TestMapKeySet" time="0.001"/>
  <testcase name="testCollectionClear" classname="org.apache.commons.collections.map.AbstractTestMap$TestMapKeySet" time="0"/>
  <testcase name="testCollectionContains" classname="org.apache.commons.collections.map.AbstractTestMap$TestMapKeySet" time="0"/>
  <testcase name="testCollectionContainsAll" classname="org.apache.commons.collections.map.AbstractTestMap$TestMapKeySet" time="0"/>
  <testcase name="testCollectionIsEmpty" classname="org.apache.commons.collections.map.AbstractTestMap$TestMapKeySet" time="0.001"/>
  <testcase name="testCollectionIterator" classname="org.apache.commons.collections.map.AbstractTestMap$TestMapKeySet" time="0"/>
  <testcase name="testCollectionIteratorRemove" classname="org.apache.commons.collections.map.AbstractTestMap$TestMapKeySet" time="0"/>
  <testcase name="testCollectionRemove" classname="org.apache.commons.collections.map.AbstractTestMap$TestMapKeySet" time="0"/>
  <testcase name="testCollectionRemoveAll" classname="org.apache.commons.collections.map.AbstractTestMap$TestMapKeySet" time="0"/>
  <testcase name="testCollectionRetainAll" classname="org.apache.commons.collections.map.AbstractTestMap$TestMapKeySet" time="0"/>
  <testcase name="testCollectionSize" classname="org.apache.commons.collections.map.AbstractTestMap$TestMapKeySet" time="0"/>
  <testcase name="testCollectionToArray" classname="org.apache.commons.collections.map.AbstractTestMap$TestMapKeySet" time="0"/>
  <testcase name="testCollectionToArray2" classname="org.apache.commons.collections.map.AbstractTestMap$TestMapKeySet" time="0.001"/>
  <testcase name="testCollectionToString" classname="org.apache.commons.collections.map.AbstractTestMap$TestMapKeySet" time="0"/>
  <testcase name="testUnsupportedRemove" classname="org.apache.commons.collections.map.AbstractTestMap$TestMapKeySet" time="0.001"/>
  <testcase name="testCollectionIteratorFailFast" classname="org.apache.commons.collections.map.AbstractTestMap$TestMapKeySet" time="0"/>
  <testcase name="testEqualsNull" classname="org.apache.commons.collections.map.AbstractTestMap$TestMapKeySet" time="0"/>
  <testcase name="testObjectEqualsSelf" classname="org.apache.commons.collections.map.AbstractTestMap$TestMapKeySet" time="0"/>
  <testcase name="testObjectHashCodeEqualsSelfHashCode" classname="org.apache.commons.collections.map.AbstractTestMap$TestMapKeySet" time="0"/>
  <testcase name="testObjectHashCodeEqualsContract" classname="org.apache.commons.collections.map.AbstractTestMap$TestMapKeySet" time="0"/>
  <testcase name="testSimpleSerialization" classname="org.apache.commons.collections.map.AbstractTestMap$TestMapKeySet" time="0"/>
  <testcase name="testCanonicalEmptyCollectionExists" classname="org.apache.commons.collections.map.AbstractTestMap$TestMapKeySet" time="0"/>
  <testcase name="testCanonicalFullCollectionExists" classname="org.apache.commons.collections.map.AbstractTestMap$TestMapKeySet" time="0"/>
  <testcase name="testSerializeDeserializeThenCompare" classname="org.apache.commons.collections.map.AbstractTestMap$TestMapValues" time="0.001"/>
  <testcase name="testCollectionAdd" classname="org.apache.commons.collections.map.AbstractTestMap$TestMapValues" time="0"/>
  <testcase name="testCollectionAddAll" classname="org.apache.commons.collections.map.AbstractTestMap$TestMapValues" time="0"/>
  <testcase name="testUnsupportedAdd" classname="org.apache.commons.collections.map.AbstractTestMap$TestMapValues" time="0"/>
  <testcase name="testCollectionClear" classname="org.apache.commons.collections.map.AbstractTestMap$TestMapValues" time="0"/>
  <testcase name="testCollectionContains" classname="org.apache.commons.collections.map.AbstractTestMap$TestMapValues" time="0.001"/>
  <testcase name="testCollectionContainsAll" classname="org.apache.commons.collections.map.AbstractTestMap$TestMapValues" time="0.001"/>
  <testcase name="testCollectionIsEmpty" classname="org.apache.commons.collections.map.AbstractTestMap$TestMapValues" time="0"/>
  <testcase name="testCollectionIterator" classname="org.apache.commons.collections.map.AbstractTestMap$TestMapValues" time="0"/>
  <testcase name="testCollectionIteratorRemove" classname="org.apache.commons.collections.map.AbstractTestMap$TestMapValues" time="0"/>
  <testcase name="testCollectionRemove" classname="org.apache.commons.collections.map.AbstractTestMap$TestMapValues" time="0"/>
  <testcase name="testCollectionRemoveAll" classname="org.apache.commons.collections.map.AbstractTestMap$TestMapValues" time="0"/>
  <testcase name="testCollectionRetainAll" classname="org.apache.commons.collections.map.AbstractTestMap$TestMapValues" time="0"/>
  <testcase name="testCollectionSize" classname="org.apache.commons.collections.map.AbstractTestMap$TestMapValues" time="0"/>
  <testcase name="testCollectionToArray" classname="org.apache.commons.collections.map.AbstractTestMap$TestMapValues" time="0"/>
  <testcase name="testCollectionToArray2" classname="org.apache.commons.collections.map.AbstractTestMap$TestMapValues" time="0.001"/>
  <testcase name="testCollectionToString" classname="org.apache.commons.collections.map.AbstractTestMap$TestMapValues" time="0"/>
  <testcase name="testUnsupportedRemove" classname="org.apache.commons.collections.map.AbstractTestMap$TestMapValues" time="0"/>
  <testcase name="testCollectionIteratorFailFast" classname="org.apache.commons.collections.map.AbstractTestMap$TestMapValues" time="0"/>
  <testcase name="testEqualsNull" classname="org.apache.commons.collections.map.AbstractTestMap$TestMapValues" time="0"/>
  <testcase name="testObjectEqualsSelf" classname="org.apache.commons.collections.map.AbstractTestMap$TestMapValues" time="0"/>
  <testcase name="testObjectHashCodeEqualsSelfHashCode" classname="org.apache.commons.collections.map.AbstractTestMap$TestMapValues" time="0"/>
  <testcase name="testObjectHashCodeEqualsContract" classname="org.apache.commons.collections.map.AbstractTestMap$TestMapValues" time="0.001"/>
  <testcase name="testSimpleSerialization" classname="org.apache.commons.collections.map.AbstractTestMap$TestMapValues" time="0"/>
  <testcase name="testCanonicalEmptyCollectionExists" classname="org.apache.commons.collections.map.AbstractTestMap$TestMapValues" time="0"/>
  <testcase name="testCanonicalFullCollectionExists" classname="org.apache.commons.collections.map.AbstractTestMap$TestMapValues" time="0"/>
  <testcase name="testEqualsNull" classname="org.apache.commons.beanutils.BeanMapTestCase" time="0"/>
  <testcase name="testObjectEqualsSelf" classname="org.apache.commons.beanutils.BeanMapTestCase" time="0"/>
  <testcase name="testObjectHashCodeEqualsSelfHashCode" classname="org.apache.commons.beanutils.BeanMapTestCase" time="0"/>
  <testcase name="testObjectHashCodeEqualsContract" classname="org.apache.commons.beanutils.BeanMapTestCase" time="0.001"/>
  <testcase name="testSerializeDeserializeThenCompare" classname="org.apache.commons.beanutils.BeanMapTestCase" time="0"/>
  <testcase name="testSimpleSerialization" classname="org.apache.commons.beanutils.BeanMapTestCase" time="0"/>
  <testcase name="testCanonicalEmptyCollectionExists" classname="org.apache.commons.beanutils.BeanMapTestCase" time="0"/>
  <testcase name="testCanonicalFullCollectionExists" classname="org.apache.commons.beanutils.BeanMapTestCase" time="0"/>
</testsuite>